<?xml version="1.0" encoding="UTF-8"?>
<!-- Generated by org.testng.reporters.JUnitReportReporter -->
<testsuite skipped="0" hostname="NDI-LAP-546" name="com.qa.practisetestng.Dependenciestest" tests="3" failures="0" timestamp="11 Sep 2018 11:23:28 GMT" time="10.406" errors="0">
  <testcase name="login" time="0.308" classname="com.qa.practisetestng.Dependenciestest"/>
  <testcase name="logout" time="0.034" classname="com.qa.practisetestng.Dependenciestest"/>
  <testcase name="homepage" time="10.064" classname="com.qa.practisetestng.Dependenciestest"/>
</testsuite> <!-- com.qa.practisetestng.Dependenciestest -->
