<?xml version="1.0" encoding="UTF-8"?>
<!-- Generated by org.testng.reporters.JUnitReportReporter -->
<testsuite skipped="1" hostname="NDI-LAP-546" name="com.qa.practisetestng.DynamicXpath" tests="1" failures="0" timestamp="24 Sep 2018 02:40:04 GMT" time="0.000" errors="0">
  <testcase name="clickOnRegisterLink" time="0.000" classname="com.qa.practisetestng.DynamicXpath">
    <skipped/>
  </testcase> <!-- clickOnRegisterLink -->
</testsuite> <!-- com.qa.practisetestng.DynamicXpath -->
